#
# There is insufficient memory for the Java Runtime Environment to continue.
# Native memory allocation (mmap) failed to map 58720256 bytes for Failed to commit area from 0x00000000c8c00000 to 0x00000000cc400000 of length 58720256.
# Possible reasons:
#   The system is out of physical RAM or swap space
#   The process is running with CompressedOops enabled, and the Java Heap may be blocking the growth of the native heap
# Possible solutions:
#   Reduce memory load on the system
#   Increase physical memory or swap space
#   Check if swap backing store is full
#   Decrease Java heap size (-Xmx/-Xms)
#   Decrease number of Java threads
#   Decrease Java thread stack sizes (-Xss)
#   Set larger code cache with -XX:ReservedCodeCacheSize=
# This output file may be truncated or incomplete.
#
#  Out of Memory Error (t:/workspace/open/src/hotspot/os/windows/os_windows.cpp:3254), pid=4468, tid=13164
#
# JRE version:  (12.0+33) (build )
# Java VM: Java HotSpot(TM) 64-Bit Server VM (12+33, mixed mode, aot, sharing, tiered, compressed oops, g1 gc, windows-amd64)
# No core dump will be written. Minidumps are not enabled by default on client versions of Windows
#

---------------  S U M M A R Y ------------

Command Line: 

Host: AMD Athlon Gold 3150U with Radeon Graphics     , 4 cores, 3G,  Windows 10 , 64 bit Build 19041 (10.0.19041.3636)
Time: Tue May 21 10:58:50 2024 Malay Peninsula Standard Time elapsed time: 0 seconds (0d 0h 0m 0s)

---------------  T H R E A D  ---------------

Current thread (0x0000026471309800):  JavaThread "Unknown thread" [_thread_in_vm, id=13164, stack(0x000000f8d6300000,0x000000f8d6400000)]

Stack: [0x000000f8d6300000,0x000000f8d6400000]
Native frames: (J=compiled Java code, j=interpreted, Vv=VM code, C=native code)
V  [jvm.dll+0x63948a]
V  [jvm.dll+0x78b31f]
V  [jvm.dll+0x78c9c1]
V  [jvm.dll+0x78d013]
V  [jvm.dll+0x262138]
V  [jvm.dll+0x63698a]
V  [jvm.dll+0x62b505]
V  [jvm.dll+0x31d9bc]
V  [jvm.dll+0x31d7ef]
V  [jvm.dll+0x323526]
V  [jvm.dll+0x370f76]
V  [jvm.dll+0x370750]
V  [jvm.dll+0x2f786a]
V  [jvm.dll+0x2f8af2]
V  [jvm.dll+0x7657b7]
V  [jvm.dll+0x766e95]
V  [jvm.dll+0x37f089]
V  [jvm.dll+0x749b14]
V  [jvm.dll+0x3ee48d]
V  [jvm.dll+0x3f03c1]
C  [jli.dll+0x51cf]
C  [ucrtbase.dll+0x21bb2]
C  [KERNEL32.DLL+0x17344]
C  [ntdll.dll+0x526b1]


---------------  P R O C E S S  ---------------

Threads class SMR info:
_java_thread_list=0x00007ff8728148e8, length=0, elements={
}

Java Threads: ( => current thread )

Other Threads:
  0x0000026471335000 GCTaskThread "GC Thread#0" [stack: 0x000000f8d6400000,0x000000f8d6500000] [id=8924]
  0x000002647133c000 ConcurrentGCThread "G1 Main Marker" [stack: 0x000000f8d6500000,0x000000f8d6600000] [id=6072]
  0x000002647133d000 ConcurrentGCThread "G1 Conc#0" [stack: 0x000000f8d6600000,0x000000f8d6700000] [id=11236]

[error occurred during error reporting (printing all threads), id 0xc0000005, EXCEPTION_ACCESS_VIOLATION (0xc0000005) at pc=0x00007ff872047a37]

VM state:not at safepoint (not fully initialized)

VM Mutex/Monitor currently owned by a thread:  ([mutex/lock_event])
[0x0000026471306d00] Heap_lock - owner thread: 0x0000026471309800

Heap address: 0x00000000c8c00000, size: 884 MB, Compressed Oops mode: Non-zero based: 0x00000000c8c00000
Narrow klass base: 0x0000000000000000, Narrow klass shift: 0

GC Heap History (0 events):
No events

Deoptimization events (0 events):
No events

Classes redefined (0 events):
No events

Internal exceptions (0 events):
No events

Events (0 events):
No events


Dynamic libraries:
0x00007ff7c8150000 - 0x00007ff7c815f000 	C:\Program Files\Java\jdk-12\bin\java.exe
0x00007ff8e27d0000 - 0x00007ff8e29c8000 	C:\Windows\SYSTEM32\ntdll.dll
0x00007ff8e15d0000 - 0x00007ff8e168d000 	C:\Windows\System32\KERNEL32.DLL
0x00007ff8e0410000 - 0x00007ff8e0706000 	C:\Windows\System32\KERNELBASE.dll
0x00007ff8e01b0000 - 0x00007ff8e02b0000 	C:\Windows\System32\ucrtbase.dll
0x00007ff8c8ee0000 - 0x00007ff8c8ef6000 	C:\Program Files\Java\jdk-12\bin\VCRUNTIME140.dll
0x00007ff8ce9b0000 - 0x00007ff8ce9c8000 	C:\Program Files\Java\jdk-12\bin\jli.dll
0x00007ff8e1150000 - 0x00007ff8e1200000 	C:\Windows\System32\ADVAPI32.dll
0x00007ff8e1f20000 - 0x00007ff8e1fbe000 	C:\Windows\System32\msvcrt.dll
0x00007ff8e1330000 - 0x00007ff8e13d0000 	C:\Windows\System32\sechost.dll
0x00007ff8e1840000 - 0x00007ff8e1963000 	C:\Windows\System32\RPCRT4.dll
0x00007ff8e0710000 - 0x00007ff8e0737000 	C:\Windows\System32\bcrypt.dll
0x00007ff8e13d0000 - 0x00007ff8e156f000 	C:\Windows\System32\USER32.dll
0x00007ff8e0350000 - 0x00007ff8e0372000 	C:\Windows\System32\win32u.dll
0x00007ff8e0c70000 - 0x00007ff8e0c9b000 	C:\Windows\System32\GDI32.dll
0x00007ff8e0090000 - 0x00007ff8e01a7000 	C:\Windows\System32\gdi32full.dll
0x00007ff8cf8e0000 - 0x00007ff8cfb7a000 	C:\Windows\WinSxS\amd64_microsoft.windows.common-controls_6595b64144ccf1df_6.0.19041.4355_none_60b8b9eb71f62e16\COMCTL32.dll
0x00007ff8e02b0000 - 0x00007ff8e034d000 	C:\Windows\System32\msvcp_win.dll
0x00007ff8d84b0000 - 0x00007ff8d84ba000 	C:\Windows\SYSTEM32\VERSION.dll
0x00007ff8e1200000 - 0x00007ff8e1232000 	C:\Windows\System32\IMM32.DLL
0x00007ff8b8f00000 - 0x00007ff8b8faa000 	C:\Program Files\Java\jdk-12\bin\msvcp140.dll
0x00007ff871d40000 - 0x00007ff8728b4000 	C:\Program Files\Java\jdk-12\bin\server\jvm.dll
0x00007ff8e1b10000 - 0x00007ff8e1b18000 	C:\Windows\System32\PSAPI.DLL
0x00007ff8db400000 - 0x00007ff8db409000 	C:\Windows\SYSTEM32\WSOCK32.dll
0x00007ff8e1aa0000 - 0x00007ff8e1b0b000 	C:\Windows\System32\WS2_32.dll
0x00007ff8d84c0000 - 0x00007ff8d84e7000 	C:\Windows\SYSTEM32\WINMM.dll
0x00007ff8de650000 - 0x00007ff8de662000 	C:\Windows\SYSTEM32\kernel.appcore.dll
0x00007ff8c8ec0000 - 0x00007ff8c8ed1000 	C:\Program Files\Java\jdk-12\bin\verify.dll
0x00007ff8dda90000 - 0x00007ff8ddc74000 	C:\Windows\SYSTEM32\DBGHELP.DLL
0x00007ff8c91d0000 - 0x00007ff8c9204000 	C:\Windows\SYSTEM32\dbgcore.DLL
0x00007ff8e0380000 - 0x00007ff8e0402000 	C:\Windows\System32\bcryptPrimitives.dll
0x00007ff8c5b40000 - 0x00007ff8c5b66000 	C:\Program Files\Java\jdk-12\bin\java.dll
0x00007ff8c5b90000 - 0x00007ff8c5ba7000 	C:\Program Files\Java\jdk-12\bin\zip.dll
0x00007ff8d7890000 - 0x00007ff8d789a000 	C:\Program Files\Java\jdk-12\bin\jimage.dll

dbghelp: loaded successfully - version: 4.0.5 - missing functions: none
symbol engine: initialized successfully - sym options: 0x614 - pdb path: .;C:\Program Files\Java\jdk-12\bin;C:\Windows\SYSTEM32;C:\Windows\WinSxS\amd64_microsoft.windows.common-controls_6595b64144ccf1df_6.0.19041.4355_none_60b8b9eb71f62e16;C:\Program Files\Java\jdk-12\bin\server

VM Arguments:
java_command: <unknown>
java_class_path (initial): <not set>
Launcher Type: SUN_STANDARD

[Global flags]
     intx CICompilerCount                          = 3                                         {product} {ergonomic}
     uint ConcGCThreads                            = 1                                         {product} {ergonomic}
     uint G1ConcRefinementThreads                  = 4                                         {product} {ergonomic}
   size_t G1HeapRegionSize                         = 1048576                                   {product} {ergonomic}
    uintx GCDrainStackTargetSize                   = 64                                        {product} {ergonomic}
   size_t InitialHeapSize                          = 58720256                                  {product} {ergonomic}
   size_t MarkStackSize                            = 4194304                                   {product} {ergonomic}
   size_t MaxHeapSize                              = 926941184                                 {product} {ergonomic}
   size_t MinHeapDeltaBytes                        = 1048576                                   {product} {ergonomic}
    uintx NonNMethodCodeHeapSize                   = 5830732                                {pd product} {ergonomic}
    uintx NonProfiledCodeHeapSize                  = 122913754                              {pd product} {ergonomic}
    uintx ProfiledCodeHeapSize                     = 122913754                              {pd product} {ergonomic}
    uintx ReservedCodeCacheSize                    = 251658240                              {pd product} {ergonomic}
     bool SegmentedCodeCache                       = true                                      {product} {ergonomic}
     bool UseCompressedClassPointers               = true                                 {lp64_product} {ergonomic}
     bool UseCompressedOops                        = true                                 {lp64_product} {ergonomic}
     bool UseG1GC                                  = true                                      {product} {ergonomic}
     bool UseLargePagesIndividualAllocation        = false                                  {pd product} {ergonomic}

Logging:
Log output configuration:
 #0: stdout all=warning uptime,level,tags
 #1: stderr all=off uptime,level,tags

Environment Variables:
PATH=C:\ProgramData\Oracle\Java\javapath;C:\Program Files\Common Files\Oracle\Java\javapath;C:\Program Files (x86)\Common Files\Oracle\Java\java8path;C:\Program Files (x86)\Common Files\Oracle\Java\javapath;C:\Windows\system32;C:\Windows;C:\Windows\System32\Wbem;C:\Windows\System32\WindowsPowerShell\v1.0\;C:\Windows\System32\OpenSSH\;C:\Program Files\dotnet\;C:\Users\ASUS\AppData\Local\Microsoft\WindowsApps;C:\Users\ASUS\AppData\Local\Programs\Microsoft VS Code\bin;C:\Program Files (x86)\Jar2Exe Wizard\;C:\Users\ASUS\AppData\Local\GitHubDesktop\bin
USERNAME=ASUS
OS=Windows_NT
PROCESSOR_IDENTIFIER=AMD64 Family 23 Model 24 Stepping 1, AuthenticAMD



---------------  S Y S T E M  ---------------

OS: Windows 10 , 64 bit Build 19041 (10.0.19041.3636)

CPU:total 4 (initial active 4) (4 cores per cpu, 2 threads per core) family 23 model 24 stepping 1, cmov, cx8, fxsr, mmx, sse, sse2, sse3, ssse3, sse4.1, sse4.2, popcnt, avx, avx2, aes, clmul, mmxext, 3dnowpref, lzcnt, sse4a, ht, tsc, tscinvbit, tscinv, bmi1, bmi2, adx, sha, fma

Memory: 4k page, system-wide physical 3533M (328M free)
TotalPageFile size 14285M (AvailPageFile size 51M)
current process WorkingSet (physical memory assigned to process): 10M, peak: 10M
current process commit charge ("private bytes"): 51M, peak: 107M

vm_info: Java HotSpot(TM) 64-Bit Server VM (12+33) for windows-amd64 JRE (12+33), built on Feb 21 2019 02:31:50 by "mach5one" with MS VC++ 15.5 (VS2017)

END.
